john.doe123@gmail.com
jane.smith456@yahoo.com
mike.smith789@example.com
sarah_jones1@hotmail.com
kate-jackson_23@outlook.com
daniel_johnson4@icloud.com
emily-wilson5@protonmail.com
alex-smith6@rediffmail.com
david_jones_789@gmail.com
olivia.davis10@yahoomail.com
ryan-johnson3@outlook.com
sophia_wilson@yahoo.com
william-smith2@hotmail.com
emma.davis.345@gmail.com
ethan.jones_11@protonmail.com
ava-smith56@yahoo.com
james-wilson4@rediffmail.com
mia_smith2@gmail.com
benjamin_smith10@outlook.com
isabella.johnson@yahoomail.com
henry_jones87@gmail.com
camila_johnson@example.com
jackson-jones_72@yahoo.com
luna_davis@gmail.com
isaiah-johnson@protonmail.com
harper_davis2@outlook.com
michael_smith45@yahoo.com
abigail.johnson.78@hotmail.com
lucas-smith20@rediffmail.com
emily.jones90@gmail.com
alexander.smith_34@yahoo.com
ella-johnson56@protonmail.com
samuel_smith1@outlook.com
scarlett.johnson2@gmail.com
owen-davis_8@yahoomail.com
addison_smith_63@hotmail.com
avery.jones4@protonmail.com
matthew.davis_91@rediffmail.com
layla_smith_75@gmail.com
wyatt.jones6@outlook.com
chloe-davis@yahoomail.com
gabriel.smith_39@hotmail.com
hannah.johnson_12@protonmail.com
carter_doe@gmail.com
violet.johnson_5@rediffmail.com
benjamin-davis23@yahoo.com
riley.smith7@gmail.com
luke_johnson84@outlook.com
ellie.davis56@yahoo.com
lily.smith_38@hotmail.com